Generation 1:
0. [1, 1, 1, 0, 0, 0, 0, 1, 0, 0, 0, 0, 0, 1, 0, 0, 1, 0, 1, 0, 1] x=1.636933153597428 f=14.590349610138706
1. [0, 0, 0, 0, 0, 0, 0, 1, 0, 0, 0, 0, 1, 1, 1, 0, 1, 0, 0, 1, 0] x=-0.9876146257470254 f=5.0125387717483605
2. [1, 1, 1, 1, 0, 0, 0, 0, 0, 0, 1, 0, 1, 0, 0, 0, 0, 0, 0, 0, 0] x=1.8143323966657623 f=15.734799235588216
3. [0, 1, 0, 1, 1, 0, 0, 1, 0, 0, 0, 1, 0, 1, 0, 1, 1, 0, 0, 0, 1] x=0.04395487020247946 f=7.133796641221955
4. [0, 1, 1, 0, 0, 1, 0, 1, 1, 0, 1, 0, 0, 0, 1, 0, 1, 0, 0, 1, 1] x=0.1910372691332194 f=7.609607045597536
5. [1, 0, 1, 1, 1, 0, 1, 0, 1, 0, 0, 1, 0, 1, 0, 1, 0, 1, 1, 0, 1] x=1.1865278179778187 f=11.96743171676866
6. [1, 0, 0, 1, 1, 1, 1, 0, 1, 1, 0, 0, 0, 0, 1, 1, 0, 1, 1, 1, 1] x=0.8605112364345724 f=10.322013297333875
7. [0, 0, 0, 0, 1, 1, 0, 1, 1, 0, 1, 0, 0, 0, 1, 1, 1, 0, 0, 0, 0] x=-0.8401717377527894 f=5.185373335660174
8. [0, 1, 1, 1, 1, 1, 0, 0, 1, 0, 0, 0, 1, 0, 0, 0, 1, 0, 1, 1, 1] x=0.45938418359002275 f=8.58918637890274
9. [1, 1, 0, 1, 1, 0, 0, 0, 1, 1, 0, 1, 0, 0, 1, 0, 0, 1, 0, 1, 0] x=1.54087855380943 f=13.996942379018131
10. [0, 0, 0, 0, 0, 0, 1, 0, 0, 1, 1, 1, 0, 1, 0, 1, 1, 0, 0, 0, 0] x=-0.9711837631148162 f=5.029646612393407
11. [1, 1, 1, 1, 0, 1, 1, 1, 1, 1, 1, 0, 1, 0, 1, 1, 0, 0, 1, 1, 1] x=1.9053000952244261 f=16.346068738535486
12. [1, 1, 1, 0, 1, 0, 1, 1, 1, 0, 0, 0, 0, 1, 0, 0, 1, 0, 1, 1, 1] x=1.7599829482950917 f=15.377488823174758
13. [1, 0, 0, 0, 0, 0, 1, 0, 1, 1, 0, 1, 0, 1, 1, 1, 1, 1, 0, 0, 0] x=0.5333144823620235 f=8.884367784183144
14. [0, 0, 0, 0, 0, 1, 1, 0, 0, 1, 0, 1, 0, 1, 0, 1, 0, 1, 0, 0, 1] x=-0.9257835987966532 f=5.079724475410923
15. [0, 1, 1, 0, 0, 1, 0, 1, 0, 1, 0, 0, 1, 1, 0, 0, 1, 1, 1, 0, 1] x=0.18711480479946374 f=7.596356364573532
16. [1, 1, 1, 0, 1, 1, 1, 0, 0, 0, 0, 1, 0, 1, 1, 0, 1, 1, 1, 0, 0] x=1.7901109648279978 f=15.574830160881419
17. [1, 1, 1, 0, 0, 1, 1, 0, 0, 0, 0, 0, 1, 1, 0, 0, 0, 0, 0, 0, 1] x=1.695864532406107 f=14.963550109491305
18. [0, 0, 0, 0, 1, 0, 0, 1, 0, 0, 1, 0, 1, 1, 1, 1, 1, 0, 0, 0, 1] x=-0.8923553907181696 f=5.119231971189269
19. [1, 0, 0, 0, 0, 0, 1, 1, 1, 1, 1, 1, 0, 0, 1, 1, 1, 1, 1, 0, 0] x=0.5463206988910192 f=8.937428402709829

Probabilitate selectie:
0. 14.5903496101387061. 5.01253877174836052. 15.7347992355882163. 7.1337966412219554. 7.6096070455975365. 11.967431716768666. 10.3220132973338757. 5.1853733356601748. 8.589186378902749. 13.99694237901813110. 5.02964661239340711. 16.34606873853548612. 15.37748882317475813. 8.88436778418314414. 5.07972447541092315. 7.59635636457353216. 15.57483016088141917. 14.96355010949130518. 5.11923197118926919. 8.937428402709829Interval: [0.07185568590115778, 0.09654182579323, 0.1740337860136031, 0.20916686126069484, 0.2466432445078606, 0.30558138084190195, 0.3564160328673338, 0.38195336183089207, 0.424254053389377, 0.49318728131315737, 0.5179576752263246, 0.5984600629263939, 0.674192313102139, 0.7179467369500101, 0.742963758208768, 0.7803748834738375, 0.8570790155822616, 0.9307726682611998, 0.9559842591007591, 0.9999999999999999]
u=0.7885131599623265 cromozom:16
u=0.5326902440524286 cromozom:11
u=0.10271164228750584 cromozom:2
u=0.7254511290286243 cromozom:14
u=0.29687714690174627 cromozom:5
u=0.3087965504932725 cromozom:6
u=0.08305326372513944 cromozom:1
u=0.195888874876749 cromozom:3
u=0.25800686881772594 cromozom:5
u=0.8158510047223818 cromozom:16
u=0.22877789287744932 cromozom:4
u=0.9132010420133102 cromozom:17
u=0.42586572645438625 cromozom:9
u=0.2654622979134377 cromozom:5
u=0.26753708309569035 cromozom:5
u=0.3452841025058627 cromozom:6
u=0.7185577625418091 cromozom:14
u=0.9877379149064925 cromozom:19
u=0.9369300193288013 cromozom:18
selected population: [[1, 1, 1, 1, 0, 1, 1, 1, 1, 1, 1, 0, 1, 0, 1, 1, 0, 0, 1, 1, 1], [1, 1, 1, 0, 1, 1, 1, 0, 0, 0, 0, 1, 0, 1, 1, 0, 1, 1, 1, 0, 0], [1, 1, 1, 1, 0, 1, 1, 1, 1, 1, 1, 0, 1, 0, 1, 1, 0, 0, 1, 1, 1], [1, 1, 1, 1, 0, 0, 0, 0, 0, 0, 1, 0, 1, 0, 0, 0, 0, 0, 0, 0, 0], [0, 0, 0, 0, 0, 1, 1, 0, 0, 1, 0, 1, 0, 1, 0, 1, 0, 1, 0, 0, 1], [1, 0, 1, 1, 1, 0, 1, 0, 1, 0, 0, 1, 0, 1, 0, 1, 0, 1, 1, 0, 1], [1, 0, 0, 1, 1, 1, 1, 0, 1, 1, 0, 0, 0, 0, 1, 1, 0, 1, 1, 1, 1], [0, 0, 0, 0, 0, 0, 0, 1, 0, 0, 0, 0, 1, 1, 1, 0, 1, 0, 0, 1, 0], [0, 1, 0, 1, 1, 0, 0, 1, 0, 0, 0, 1, 0, 1, 0, 1, 1, 0, 0, 0, 1], [1, 0, 1, 1, 1, 0, 1, 0, 1, 0, 0, 1, 0, 1, 0, 1, 0, 1, 1, 0, 1], [1, 1, 1, 0, 1, 1, 1, 0, 0, 0, 0, 1, 0, 1, 1, 0, 1, 1, 1, 0, 0], [0, 1, 1, 0, 0, 1, 0, 1, 1, 0, 1, 0, 0, 0, 1, 0, 1, 0, 0, 1, 1], [1, 1, 1, 0, 0, 1, 1, 0, 0, 0, 0, 0, 1, 1, 0, 0, 0, 0, 0, 0, 1], [1, 1, 0, 1, 1, 0, 0, 0, 1, 1, 0, 1, 0, 0, 1, 0, 0, 1, 0, 1, 0], [1, 0, 1, 1, 1, 0, 1, 0, 1, 0, 0, 1, 0, 1, 0, 1, 0, 1, 1, 0, 1], [1, 0, 1, 1, 1, 0, 1, 0, 1, 0, 0, 1, 0, 1, 0, 1, 0, 1, 1, 0, 1], [1, 0, 0, 1, 1, 1, 1, 0, 1, 1, 0, 0, 0, 0, 1, 1, 0, 1, 1, 1, 1], [0, 0, 0, 0, 0, 1, 1, 0, 0, 1, 0, 1, 0, 1, 0, 1, 0, 1, 0, 0, 1], [1, 0, 0, 0, 0, 0, 1, 1, 1, 1, 1, 1, 0, 0, 1, 1, 1, 1, 1, 0, 0], [0, 0, 0, 0, 1, 0, 0, 1, 0, 0, 1, 0, 1, 1, 1, 1, 1, 0, 0, 0, 1]]
Cromozomes with recombination:
BrPoint: 11 :->: [[0, 0, 0, 0, 0, 1, 1, 0, 0, 1, 0, 1, 0, 1, 0, 1, 0, 1, 0, 0, 1], [1, 1, 1, 1, 0, 0, 0, 0, 0, 0, 1, 0, 1, 0, 0, 0, 0, 0, 0, 0, 0]] :->: [[0, 0, 0, 0, 0, 1, 1, 0, 0, 1, 0, 0, 1, 0, 0, 0, 0, 0, 0, 0, 0], [1, 1, 1, 1, 0, 0, 0, 0, 0, 0, 1, 1, 0, 1, 0, 1, 0, 1, 0, 0, 1]]
BrPoint: 17 :->: [[1, 1, 1, 0, 0, 1, 1, 0, 0, 0, 0, 0, 1, 1, 0, 0, 0, 0, 0, 0, 1], [0, 0, 0, 0, 1, 0, 0, 1, 0, 0, 1, 0, 1, 1, 1, 1, 1, 0, 0, 0, 1]] :->: [[1, 1, 1, 0, 0, 1, 1, 0, 0, 0, 0, 0, 1, 1, 0, 0, 0, 0, 0, 0, 1], [0, 0, 0, 0, 1, 0, 0, 1, 0, 0, 1, 0, 1, 1, 1, 1, 1, 0, 0, 0, 1]]
after crossover population: [[1, 1, 1, 1, 0, 1, 1, 1, 1, 1, 1, 0, 1, 0, 1, 1, 0, 0, 1, 1, 1], [1, 0, 1, 1, 1, 0, 1, 0, 1, 0, 0, 1, 0, 1, 0, 1, 0, 1, 1, 0, 1], [1, 1, 1, 0, 1, 1, 1, 0, 0, 0, 0, 1, 0, 1, 1, 0, 1, 1, 1, 0, 0], [1, 0, 0, 1, 1, 1, 1, 0, 1, 1, 0, 0, 0, 0, 1, 1, 0, 1, 1, 1, 1], [0, 1, 0, 1, 1, 0, 0, 1, 0, 0, 0, 1, 0, 1, 0, 1, 1, 0, 0, 0, 1], [1, 0, 1, 1, 1, 0, 1, 0, 1, 0, 0, 1, 0, 1, 0, 1, 0, 1, 1, 0, 1], [1, 0, 0, 0, 0, 0, 1, 1, 1, 1, 1, 1, 0, 0, 1, 1, 1, 1, 1, 0, 0], [0, 0, 0, 0, 0, 1, 1, 0, 0, 1, 0, 1, 0, 1, 0, 1, 0, 1, 0, 0, 1], [1, 1, 1, 1, 0, 1, 1, 1, 1, 1, 1, 0, 1, 0, 1, 1, 0, 0, 1, 1, 1], [1, 0, 0, 1, 1, 1, 1, 0, 1, 1, 0, 0, 0, 0, 1, 1, 0, 1, 1, 1, 1], [1, 1, 0, 1, 1, 0, 0, 0, 1, 1, 0, 1, 0, 0, 1, 0, 0, 1, 0, 1, 0], [1, 1, 1, 0, 1, 1, 1, 0, 0, 0, 0, 1, 0, 1, 1, 0, 1, 1, 1, 0, 0], [0, 0, 0, 0, 0, 1, 1, 0, 0, 1, 0, 0, 1, 0, 0, 0, 0, 0, 0, 0, 0], [1, 1, 1, 1, 0, 0, 0, 0, 0, 0, 1, 1, 0, 1, 0, 1, 0, 1, 0, 0, 1], [1, 0, 1, 1, 1, 0, 1, 0, 1, 0, 0, 1, 0, 1, 0, 1, 0, 1, 1, 0, 1], [0, 1, 1, 0, 0, 1, 0, 1, 1, 0, 1, 0, 0, 0, 1, 0, 1, 0, 0, 1, 1], [0, 0, 0, 0, 0, 0, 0, 1, 0, 0, 0, 0, 1, 1, 1, 0, 1, 0, 0, 1, 0], [1, 0, 1, 1, 1, 0, 1, 0, 1, 0, 0, 1, 0, 1, 0, 1, 0, 1, 1, 0, 1], [1, 1, 1, 0, 0, 1, 1, 0, 0, 0, 0, 0, 1, 1, 0, 0, 0, 0, 0, 0, 1], [0, 0, 0, 0, 1, 0, 0, 1, 0, 0, 1, 0, 1, 1, 1, 1, 1, 0, 0, 0, 1]]
new population: [[1, 1, 1, 1, 0, 1, 1, 1, 1, 1, 1, 0, 1, 0, 1, 1, 0, 0, 1, 1, 1], [1, 0, 1, 1, 1, 0, 1, 0, 1, 0, 0, 1, 0, 1, 0, 1, 0, 1, 1, 0, 1], [1, 1, 1, 0, 1, 1, 1, 0, 0, 0, 0, 1, 0, 1, 1, 0, 1, 1, 1, 0, 0], [1, 0, 0, 1, 1, 1, 1, 0, 1, 1, 0, 0, 0, 0, 1, 1, 0, 1, 1, 1, 1], [0, 1, 0, 1, 1, 0, 0, 1, 0, 0, 0, 1, 0, 1, 0, 1, 1, 0, 0, 0, 1], [1, 0, 1, 1, 1, 0, 1, 0, 1, 0, 0, 1, 0, 1, 0, 1, 0, 1, 1, 0, 1], [1, 0, 0, 0, 0, 0, 1, 1, 1, 1, 1, 1, 0, 0, 1, 1, 1, 1, 1, 0, 0], [0, 0, 0, 0, 0, 1, 1, 0, 0, 1, 0, 1, 0, 1, 0, 1, 0, 1, 0, 0, 1], [1, 1, 1, 1, 0, 1, 1, 1, 1, 1, 1, 0, 1, 0, 1, 1, 0, 0, 1, 1, 1], [1, 0, 0, 1, 1, 1, 1, 0, 1, 1, 0, 0, 0, 0, 1, 1, 0, 1, 1, 1, 1], [1, 1, 0, 1, 1, 0, 0, 0, 1, 1, 0, 1, 0, 0, 1, 0, 0, 1, 0, 1, 0], [1, 1, 1, 0, 1, 1, 1, 0, 0, 0, 0, 1, 0, 1, 1, 0, 1, 1, 1, 0, 0], [0, 0, 0, 0, 0, 1, 1, 0, 0, 1, 0, 0, 1, 1, 0, 0, 0, 0, 0, 0, 0], [1, 1, 1, 1, 0, 0, 0, 0, 0, 0, 1, 1, 0, 1, 0, 1, 0, 1, 0, 0, 1], [1, 0, 1, 1, 1, 0, 1, 0, 1, 0, 0, 1, 0, 1, 0, 1, 0, 1, 1, 1, 1], [0, 1, 1, 0, 0, 1, 0, 1, 1, 0, 1, 0, 0, 0, 1, 0, 1, 0, 0, 1, 1], [0, 0, 0, 0, 0, 0, 0, 1, 0, 0, 0, 0, 1, 1, 1, 0, 1, 1, 0, 1, 0], [1, 0, 1, 1, 1, 0, 1, 0, 1, 0, 0, 1, 0, 1, 0, 1, 0, 1, 1, 0, 1], [1, 1, 1, 0, 0, 1, 1, 0, 0, 0, 0, 0, 1, 1, 0, 0, 0, 0, 0, 0, 1], [0, 0, 0, 0, 1, 0, 0, 1, 0, 0, 1, 0, 1, 1, 1, 1, 1, 0, 0, 0, 1]]
Max number:16.346068738535486; avg: 11.051323225326806
Max number:16.346068738535486; avg: 11.957749314652762
Max number:16.346068738535486; avg: 13.049943570679869
Max number:16.346068738535486; avg: 12.759001866990847
Max number:16.346068738535486; avg: 13.394408848157266
Max number:16.95238170065805; avg: 14.158535358863299
Max number:16.953660979459556; avg: 14.991199213513264
Max number:16.993351881729673; avg: 15.266368966533145
Max number:16.993351881729673; avg: 15.183197111037543
Max number:16.993351881729673; avg: 15.36165116389229
Max number:16.993351881729673; avg: 15.717977413597353
Max number:16.993351881729673; avg: 15.231371417269525
Max number:16.99599489337956; avg: 16.02677166371306
Max number:16.99599489337956; avg: 15.974256961961625
Max number:16.99599489337956; avg: 16.05624884157678
Max number:16.99599489337956; avg: 15.68623109205719
Max number:16.99599489337956; avg: 16.037577751894464
Max number:16.99599489337956; avg: 15.821183527461613
Max number:16.99599489337956; avg: 15.80467437681474
Max number:16.99599489337956; avg: 16.01096077187249
Max number:16.99599489337956; avg: 16.292020422548678
Max number:16.99599489337956; avg: 16.446700805034116
Max number:16.99599489337956; avg: 16.1141384827011
Max number:16.99599489337956; avg: 15.904203157870466
Max number:16.99599489337956; avg: 15.861410395235202
Max number:16.99599489337956; avg: 15.523122466305821
Max number:16.99599489337956; avg: 14.926217570452678
Max number:16.99599489337956; avg: 15.037540993757649
Max number:16.99599489337956; avg: 14.640730812093548
Max number:16.99599489337956; avg: 14.585437178729014
Max number:16.99599489337956; avg: 14.523996463788816
Max number:16.99599489337956; avg: 15.320143175869287
Max number:16.99599489337956; avg: 15.405305952626938
Max number:16.99599489337956; avg: 15.030629577768744
Max number:16.99599489337956; avg: 15.437703104705056
Max number:16.99599489337956; avg: 15.699156476637203
Max number:16.99599489337956; avg: 15.836236449480236
Max number:16.99599489337956; avg: 15.794874107364862
Max number:16.99599489337956; avg: 15.966757183819649
Max number:16.99599489337956; avg: 16.095835121591072
Max number:16.99599489337956; avg: 16.241997409889485
Max number:16.99599489337956; avg: 16.373048314130088
Max number:16.99599489337956; avg: 16.49878624977595
Max number:16.99599489337956; avg: 16.287098371422
Max number:16.99599489337956; avg: 16.423354579828125
Max number:16.99599489337956; avg: 16.587635288729818
Max number:16.99599489337956; avg: 16.376693003811106
Max number:16.99599489337956; avg: 16.146279543432097
Max number:16.99599489337956; avg: 16.238214059312636
Max number:16.99599489337956; avg: 15.959442832268923
